<?xml version="1.0" encoding="UTF-8"?>
<!-- Generated by org.testng.reporters.JUnitXMLReporter -->
<testsuite hostname="DESKTOP-4N99EUM" ignored="0" name="Default test" tests="10" failures="0" timestamp="04 Dec 2018 04:40:43 GMT" time="41.504" errors="0">
  <testcase name="click_on_myaccount" time="3.583" classname="com.NewTest"/>
  <testcase name="login_with_details" time="3.765" classname="com.NewTest"/>
  <testcase name="click_mywishlist" time="2.946" classname="com.NewTest"/>
  <testcase name="click_addtocard" time="3.526" classname="com.NewTest"/>
  <testcase name="enter_shipping_information" time="8.108" classname="com.NewTest"/>
  <testcase name="enter_biling_details" time="2.207" classname="com.NewTest"/>
  <testcase name="cick_on_countinue_inshippingmethod" time="2.136" classname="com.NewTest"/>
  <testcase name="enter_moneyorder" time="2.238" classname="com.NewTest"/>
  <testcase name="click_on_placeorder" time="2.136" classname="com.NewTest"/>
  <testcase name="check_order_done" time="2.087" classname="com.NewTest"/>
</testsuite> <!-- Default test -->
